# JRE version: OpenJDK Runtime Environment (21.0.7) (build 21.0.7+-13880790-b1038.58)
# Java VM: OpenJDK 64-Bit Server VM (21.0.7+-13880790-b1038.58, mixed mode, tiered, compressed oops, compressed class ptrs, g1 gc, windows-amd64)
GC Precious Log:
 CardTable entry size: 512
 Card Set container configuration: InlinePtr #cards 5 size 8 Array Of Cards #cards 12 size 40 Howl #buckets 4 coarsen threshold 1843 Howl Bitmap #cards 512 size 80 coarsen threshold 460 Card regions per heap region 1 cards per card region 2048
 CPUs: 8 total, 8 available
 Memory: 3998M
 Large Page Support: Disabled
 NUMA Support: Disabled
 Compressed Oops: Enabled (32-bit)
 Heap Region Size: 1M
 Heap Min Capacity: 8M
 Heap Initial Capacity: 64M
 Heap Max Capacity: 2G
 Pre-touch: Disabled
 Parallel Workers: 8
 Concurrent Workers: 2
 Concurrent Refinement Workers: 8
 Periodic GC: Disabled
Heap:
 garbage-first heap   total 496640K, used 470696K [0x0000000080000000, 0x0000000100000000)
  region size 1024K, 281 young (287744K), 20 survivors (20480K)
 Metaspace       used 154081K, committed 155648K, reserved 1245184K
  class space    used 20548K, committed 21312K, reserved 1048576K
GC Heap History (20 events):
Event: 2302.400 GC heap after
{Heap after GC invocations=47 (full 0):
 garbage-first heap   total 230400K, used 138042K [0x0000000080000000, 0x0000000100000000)
  region size 1024K, 2 young (2048K), 2 survivors (2048K)
 Metaspace       used 120338K, committed 122560K, reserved 1179648K
  class space    used 16198K, committed 17280K, reserved 1048576K
}
Event: 2760.118 GC heap before
{Heap before GC invocations=47 (full 0):
 garbage-first heap   total 230400K, used 228154K [0x0000000080000000, 0x0000000100000000)
  region size 1024K, 63 young (64512K), 2 survivors (2048K)
 Metaspace       used 124936K, committed 127104K, reserved 1179648K
  class space    used 16940K, committed 17984K, reserved 1048576K
}
Event: 2760.193 GC heap after
{Heap after GC invocations=48 (full 0):
 garbage-first heap   total 239616K, used 174062K [0x0000000080000000, 0x0000000100000000)
  region size 1024K, 9 young (9216K), 9 survivors (9216K)
 Metaspace       used 124936K, committed 127104K, reserved 1179648K
  class space    used 16940K, committed 17984K, reserved 1048576K
}
Event: 2760.266 GC heap before
{Heap before GC invocations=48 (full 0):
 garbage-first heap   total 239616K, used 176110K [0x0000000080000000, 0x0000000100000000)
  region size 1024K, 11 young (11264K), 9 survivors (9216K)
 Metaspace       used 124943K, committed 127104K, reserved 1179648K
  class space    used 16940K, committed 17984K, reserved 1048576K
}
Event: 2760.292 GC heap after
{Heap after GC invocations=49 (full 0):
 garbage-first heap   total 239616K, used 173891K [0x0000000080000000, 0x0000000100000000)
  region size 1024K, 1 young (1024K), 1 survivors (1024K)
 Metaspace       used 124943K, committed 127104K, reserved 1179648K
  class space    used 16940K, committed 17984K, reserved 1048576K
}
Event: 2760.976 GC heap before
{Heap before GC invocations=49 (full 0):
 garbage-first heap   total 239616K, used 224067K [0x0000000080000000, 0x0000000100000000)
  region size 1024K, 50 young (51200K), 1 survivors (1024K)
 Metaspace       used 125030K, committed 127232K, reserved 1179648K
  class space    used 16942K, committed 17984K, reserved 1048576K
}
Event: 2761.043 GC heap after
{Heap after GC invocations=50 (full 0):
 garbage-first heap   total 239616K, used 174611K [0x0000000080000000, 0x0000000100000000)
  region size 1024K, 2 young (2048K), 2 survivors (2048K)
 Metaspace       used 125030K, committed 127232K, reserved 1179648K
  class space    used 16942K, committed 17984K, reserved 1048576K
}
Event: 2761.290 GC heap before
{Heap before GC invocations=50 (full 0):
 garbage-first heap   total 239616K, used 223763K [0x0000000080000000, 0x0000000100000000)
  region size 1024K, 50 young (51200K), 2 survivors (2048K)
 Metaspace       used 125035K, committed 127232K, reserved 1179648K
  class space    used 16942K, committed 17984K, reserved 1048576K
}
Event: 2761.344 GC heap after
{Heap after GC invocations=51 (full 0):
 garbage-first heap   total 479232K, used 176038K [0x0000000080000000, 0x0000000100000000)
  region size 1024K, 4 young (4096K), 4 survivors (4096K)
 Metaspace       used 125035K, committed 127232K, reserved 1179648K
  class space    used 16942K, committed 17984K, reserved 1048576K
}
Event: 2765.926 GC heap before
{Heap before GC invocations=51 (full 0):
 garbage-first heap   total 479232K, used 195494K [0x0000000080000000, 0x0000000100000000)
  region size 1024K, 23 young (23552K), 4 survivors (4096K)
 Metaspace       used 122748K, committed 127936K, reserved 1179648K
  class space    used 16318K, committed 18112K, reserved 1048576K
}
Event: 2765.969 GC heap after
{Heap after GC invocations=52 (full 0):
 garbage-first heap   total 479232K, used 176393K [0x0000000080000000, 0x0000000100000000)
  region size 1024K, 3 young (3072K), 3 survivors (3072K)
 Metaspace       used 122748K, committed 127936K, reserved 1179648K
  class space    used 16318K, committed 18112K, reserved 1048576K
}
Event: 2768.807 GC heap before
{Heap before GC invocations=53 (full 0):
 garbage-first heap   total 479232K, used 196873K [0x0000000080000000, 0x0000000100000000)
  region size 1024K, 23 young (23552K), 3 survivors (3072K)
 Metaspace       used 124129K, committed 128064K, reserved 1179648K
  class space    used 16466K, committed 18176K, reserved 1048576K
}
Event: 2768.839 GC heap after
{Heap after GC invocations=54 (full 0):
 garbage-first heap   total 479232K, used 178397K [0x0000000080000000, 0x0000000100000000)
  region size 1024K, 3 young (3072K), 3 survivors (3072K)
 Metaspace       used 124129K, committed 128064K, reserved 1179648K
  class space    used 16466K, committed 18176K, reserved 1048576K
}
Event: 2772.463 GC heap before
{Heap before GC invocations=54 (full 0):
 garbage-first heap   total 479232K, used 266461K [0x0000000080000000, 0x0000000100000000)
  region size 1024K, 83 young (84992K), 3 survivors (3072K)
 Metaspace       used 125618K, committed 128384K, reserved 1179648K
  class space    used 16660K, committed 18176K, reserved 1048576K
}
Event: 2772.512 GC heap after
{Heap after GC invocations=55 (full 0):
 garbage-first heap   total 479232K, used 184006K [0x0000000080000000, 0x0000000100000000)
  region size 1024K, 5 young (5120K), 5 survivors (5120K)
 Metaspace       used 125618K, committed 128384K, reserved 1179648K
  class space    used 16660K, committed 18176K, reserved 1048576K
}
Event: 2781.277 GC heap before
{Heap before GC invocations=55 (full 0):
 garbage-first heap   total 479232K, used 253638K [0x0000000080000000, 0x0000000100000000)
  region size 1024K, 73 young (74752K), 5 survivors (5120K)
 Metaspace       used 130102K, committed 131712K, reserved 1179648K
  class space    used 17695K, committed 18688K, reserved 1048576K
}
Event: 2781.449 GC heap after
{Heap after GC invocations=56 (full 0):
 garbage-first heap   total 479232K, used 186255K [0x0000000080000000, 0x0000000100000000)
  region size 1024K, 10 young (10240K), 10 survivors (10240K)
 Metaspace       used 130102K, committed 131712K, reserved 1179648K
  class space    used 17695K, committed 18688K, reserved 1048576K
}
Event: 2800.335 GC heap before
{Heap before GC invocations=56 (full 0):
 garbage-first heap   total 479232K, used 199567K [0x0000000080000000, 0x0000000100000000)
  region size 1024K, 23 young (23552K), 10 survivors (10240K)
 Metaspace       used 132126K, committed 133504K, reserved 1179648K
  class space    used 17956K, committed 18752K, reserved 1048576K
}
Event: 2800.547 GC heap after
{Heap after GC invocations=57 (full 0):
 garbage-first heap   total 479232K, used 185000K [0x0000000080000000, 0x0000000100000000)
  region size 1024K, 2 young (2048K), 2 survivors (2048K)
 Metaspace       used 132126K, committed 133504K, reserved 1179648K
  class space    used 17956K, committed 18752K, reserved 1048576K
}
Event: 2812.932 GC heap before
{Heap before GC invocations=57 (full 0):
 garbage-first heap   total 479232K, used 469672K [0x0000000080000000, 0x0000000100000000)
  region size 1024K, 263 young (269312K), 2 survivors (2048K)
 Metaspace       used 154081K, committed 155648K, reserved 1245184K
  class space    used 20548K, committed 21312K, reserved 1048576K
}

