# JRE version: OpenJDK Runtime Environment (21.0.7) (build 21.0.7+-13880790-b1038.58)
# Java VM: OpenJDK 64-Bit Server VM (21.0.7+-13880790-b1038.58, mixed mode, tiered, compressed oops, compressed class ptrs, g1 gc, windows-amd64)
GC Precious Log:
 CardTable entry size: 512
 Card Set container configuration: InlinePtr #cards 5 size 8 Array Of Cards #cards 12 size 40 Howl #buckets 4 coarsen threshold 1843 Howl Bitmap #cards 512 size 80 coarsen threshold 460 Card regions per heap region 1 cards per card region 2048
 CPUs: 8 total, 8 available
 Memory: 3998M
 Large Page Support: Disabled
 NUMA Support: Disabled
 Compressed Oops: Enabled (32-bit)
 Heap Region Size: 1M
 Heap Min Capacity: 8M
 Heap Initial Capacity: 64M
 Heap Max Capacity: 1000M
 Pre-touch: Disabled
 Parallel Workers: 8
 Concurrent Workers: 2
 Concurrent Refinement Workers: 8
 Periodic GC: Disabled
Heap:
 garbage-first heap   total 288768K, used 220912K [0x00000000c1800000, 0x0000000100000000)
  region size 1024K, 58 young (59392K), 10 survivors (10240K)
 Metaspace       used 100299K, committed 101184K, reserved 1179648K
  class space    used 10379K, committed 10816K, reserved 1048576K
GC Heap History (20 events):
Event: 30.884 GC heap before
{Heap before GC invocations=35 (full 0):
 garbage-first heap   total 226304K, used 202330K [0x00000000c1800000, 0x0000000100000000)
  region size 1024K, 73 young (74752K), 11 survivors (11264K)
 Metaspace       used 82207K, committed 83072K, reserved 1179648K
  class space    used 8935K, committed 9344K, reserved 1048576K
}
Event: 30.914 GC heap after
{Heap after GC invocations=36 (full 0):
 garbage-first heap   total 226304K, used 151197K [0x00000000c1800000, 0x0000000100000000)
  region size 1024K, 10 young (10240K), 10 survivors (10240K)
 Metaspace       used 82207K, committed 83072K, reserved 1179648K
  class space    used 8935K, committed 9344K, reserved 1048576K
}
Event: 32.069 GC heap before
{Heap before GC invocations=37 (full 0):
 garbage-first heap   total 249856K, used 200349K [0x00000000c1800000, 0x0000000100000000)
  region size 1024K, 60 young (61440K), 10 survivors (10240K)
 Metaspace       used 90702K, committed 91584K, reserved 1179648K
  class space    used 9803K, committed 10240K, reserved 1048576K
}
Event: 32.090 GC heap after
{Heap after GC invocations=38 (full 0):
 garbage-first heap   total 249856K, used 154624K [0x00000000c1800000, 0x0000000100000000)
  region size 1024K, 5 young (5120K), 5 survivors (5120K)
 Metaspace       used 90702K, committed 91584K, reserved 1179648K
  class space    used 9803K, committed 10240K, reserved 1048576K
}
Event: 34.015 GC heap before
{Heap before GC invocations=38 (full 0):
 garbage-first heap   total 249856K, used 224256K [0x00000000c1800000, 0x0000000100000000)
  region size 1024K, 73 young (74752K), 5 survivors (5120K)
 Metaspace       used 94150K, committed 94976K, reserved 1179648K
  class space    used 10001K, committed 10432K, reserved 1048576K
}
Event: 34.031 GC heap after
{Heap after GC invocations=39 (full 0):
 garbage-first heap   total 249856K, used 153395K [0x00000000c1800000, 0x0000000100000000)
  region size 1024K, 8 young (8192K), 8 survivors (8192K)
 Metaspace       used 94150K, committed 94976K, reserved 1179648K
  class space    used 10001K, committed 10432K, reserved 1048576K
}
Event: 35.713 GC heap before
{Heap before GC invocations=39 (full 0):
 garbage-first heap   total 249856K, used 226099K [0x00000000c1800000, 0x0000000100000000)
  region size 1024K, 79 young (80896K), 8 survivors (8192K)
 Metaspace       used 99086K, committed 99968K, reserved 1179648K
  class space    used 10349K, committed 10752K, reserved 1048576K
}
Event: 35.729 GC heap after
{Heap after GC invocations=40 (full 0):
 garbage-first heap   total 249856K, used 158679K [0x00000000c1800000, 0x0000000100000000)
  region size 1024K, 9 young (9216K), 9 survivors (9216K)
 Metaspace       used 99086K, committed 99968K, reserved 1179648K
  class space    used 10349K, committed 10752K, reserved 1048576K
}
Event: 36.599 GC heap before
{Heap before GC invocations=41 (full 0):
 garbage-first heap   total 266240K, used 226263K [0x00000000c1800000, 0x0000000100000000)
  region size 1024K, 75 young (76800K), 9 survivors (9216K)
 Metaspace       used 99594K, committed 100480K, reserved 1179648K
  class space    used 10361K, committed 10816K, reserved 1048576K
}
Event: 36.613 GC heap after
{Heap after GC invocations=42 (full 0):
 garbage-first heap   total 266240K, used 163090K [0x00000000c1800000, 0x0000000100000000)
  region size 1024K, 9 young (9216K), 9 survivors (9216K)
 Metaspace       used 99594K, committed 100480K, reserved 1179648K
  class space    used 10361K, committed 10816K, reserved 1048576K
}
Event: 37.093 GC heap before
{Heap before GC invocations=42 (full 0):
 garbage-first heap   total 266240K, used 242962K [0x00000000c1800000, 0x0000000100000000)
  region size 1024K, 87 young (89088K), 9 survivors (9216K)
 Metaspace       used 99794K, committed 100672K, reserved 1179648K
  class space    used 10369K, committed 10816K, reserved 1048576K
}
Event: 37.108 GC heap after
{Heap after GC invocations=43 (full 0):
 garbage-first heap   total 266240K, used 162052K [0x00000000c1800000, 0x0000000100000000)
  region size 1024K, 10 young (10240K), 10 survivors (10240K)
 Metaspace       used 99794K, committed 100672K, reserved 1179648K
  class space    used 10369K, committed 10816K, reserved 1048576K
}
Event: 37.754 GC heap before
{Heap before GC invocations=43 (full 0):
 garbage-first heap   total 266240K, used 241924K [0x00000000c1800000, 0x0000000100000000)
  region size 1024K, 88 young (90112K), 10 survivors (10240K)
 Metaspace       used 99925K, committed 100800K, reserved 1179648K
  class space    used 10371K, committed 10816K, reserved 1048576K
}
Event: 37.765 GC heap after
{Heap after GC invocations=44 (full 0):
 garbage-first heap   total 266240K, used 164760K [0x00000000c1800000, 0x0000000100000000)
  region size 1024K, 9 young (9216K), 9 survivors (9216K)
 Metaspace       used 99925K, committed 100800K, reserved 1179648K
  class space    used 10371K, committed 10816K, reserved 1048576K
}
Event: 38.439 GC heap before
{Heap before GC invocations=45 (full 0):
 garbage-first heap   total 276480K, used 241560K [0x00000000c1800000, 0x0000000100000000)
  region size 1024K, 84 young (86016K), 9 survivors (9216K)
 Metaspace       used 100030K, committed 100928K, reserved 1179648K
  class space    used 10374K, committed 10816K, reserved 1048576K
}
Event: 38.447 GC heap after
{Heap after GC invocations=46 (full 0):
 garbage-first heap   total 276480K, used 168330K [0x00000000c1800000, 0x0000000100000000)
  region size 1024K, 9 young (9216K), 9 survivors (9216K)
 Metaspace       used 100030K, committed 100928K, reserved 1179648K
  class space    used 10374K, committed 10816K, reserved 1048576K
}
Event: 38.881 GC heap before
{Heap before GC invocations=46 (full 0):
 garbage-first heap   total 276480K, used 252298K [0x00000000c1800000, 0x0000000100000000)
  region size 1024K, 91 young (93184K), 9 survivors (9216K)
 Metaspace       used 100188K, committed 101056K, reserved 1179648K
  class space    used 10375K, committed 10816K, reserved 1048576K
}
Event: 38.895 GC heap after
{Heap after GC invocations=47 (full 0):
 garbage-first heap   total 276480K, used 167726K [0x00000000c1800000, 0x0000000100000000)
  region size 1024K, 8 young (8192K), 8 survivors (8192K)
 Metaspace       used 100188K, committed 101056K, reserved 1179648K
  class space    used 10375K, committed 10816K, reserved 1048576K
}
Event: 39.502 GC heap before
{Heap before GC invocations=47 (full 0):
 garbage-first heap   total 276480K, used 253742K [0x00000000c1800000, 0x0000000100000000)
  region size 1024K, 92 young (94208K), 8 survivors (8192K)
 Metaspace       used 100241K, committed 101120K, reserved 1179648K
  class space    used 10375K, committed 10816K, reserved 1048576K
}
Event: 39.515 GC heap after
{Heap after GC invocations=48 (full 0):
 garbage-first heap   total 276480K, used 172784K [0x00000000c1800000, 0x0000000100000000)
  region size 1024K, 10 young (10240K), 10 survivors (10240K)
 Metaspace       used 100241K, committed 101120K, reserved 1179648K
  class space    used 10375K, committed 10816K, reserved 1048576K
}

