# JRE version: OpenJDK Runtime Environment (21.0.7) (build 21.0.7+-13880790-b1038.58)
# Java VM: OpenJDK 64-Bit Server VM (21.0.7+-13880790-b1038.58, mixed mode, tiered, compressed oops, compressed class ptrs, g1 gc, windows-amd64)
GC Precious Log:
 CardTable entry size: 512
 Card Set container configuration: InlinePtr #cards 5 size 8 Array Of Cards #cards 12 size 40 Howl #buckets 4 coarsen threshold 1843 Howl Bitmap #cards 512 size 80 coarsen threshold 460 Card regions per heap region 1 cards per card region 2048
 CPUs: 8 total, 8 available
 Memory: 3998M
 Large Page Support: Disabled
 NUMA Support: Disabled
 Compressed Oops: Enabled (32-bit)
 Heap Region Size: 1M
 Heap Min Capacity: 8M
 Heap Initial Capacity: 64M
 Heap Max Capacity: 2G
 Pre-touch: Disabled
 Parallel Workers: 8
 Concurrent Workers: 2
 Concurrent Refinement Workers: 8
 Periodic GC: Disabled
Heap:
 garbage-first heap   total 380928K, used 259072K [0x0000000080000000, 0x0000000100000000)
  region size 1024K, 33 young (33792K), 1 survivors (1024K)
 Metaspace       used 161472K, committed 163648K, reserved 1245184K
  class space    used 21262K, committed 22592K, reserved 1048576K
GC Heap History (20 events):
Event: 122.062 GC heap before
{Heap before GC invocations=72 (full 0):
 garbage-first heap   total 380928K, used 344317K [0x0000000080000000, 0x0000000100000000)
  region size 1024K, 166 young (169984K), 14 survivors (14336K)
 Metaspace       used 145074K, committed 147136K, reserved 1179648K
  class space    used 19825K, committed 20864K, reserved 1048576K
}
Event: 122.088 GC heap after
{Heap after GC invocations=73 (full 0):
 garbage-first heap   total 380928K, used 187604K [0x0000000080000000, 0x0000000100000000)
  region size 1024K, 10 young (10240K), 10 survivors (10240K)
 Metaspace       used 145074K, committed 147136K, reserved 1179648K
  class space    used 19825K, committed 20864K, reserved 1048576K
}
Event: 122.311 GC heap before
{Heap before GC invocations=73 (full 0):
 garbage-first heap   total 380928K, used 256212K [0x0000000080000000, 0x0000000100000000)
  region size 1024K, 79 young (80896K), 10 survivors (10240K)
 Metaspace       used 145104K, committed 147200K, reserved 1179648K
  class space    used 19825K, committed 20864K, reserved 1048576K
}
Event: 122.323 GC heap after
{Heap after GC invocations=74 (full 0):
 garbage-first heap   total 380928K, used 188098K [0x0000000080000000, 0x0000000100000000)
  region size 1024K, 11 young (11264K), 11 survivors (11264K)
 Metaspace       used 145104K, committed 147200K, reserved 1179648K
  class space    used 19825K, committed 20864K, reserved 1048576K
}
Event: 123.126 GC heap before
{Heap before GC invocations=75 (full 0):
 garbage-first heap   total 380928K, used 348866K [0x0000000080000000, 0x0000000100000000)
  region size 1024K, 167 young (171008K), 11 survivors (11264K)
 Metaspace       used 145125K, committed 147264K, reserved 1179648K
  class space    used 19825K, committed 20864K, reserved 1048576K
}
Event: 123.141 GC heap after
{Heap after GC invocations=76 (full 0):
 garbage-first heap   total 380928K, used 190913K [0x0000000080000000, 0x0000000100000000)
  region size 1024K, 12 young (12288K), 12 survivors (12288K)
 Metaspace       used 145125K, committed 147264K, reserved 1179648K
  class space    used 19825K, committed 20864K, reserved 1048576K
}
Event: 124.612 GC heap before
{Heap before GC invocations=76 (full 0):
 garbage-first heap   total 380928K, used 345537K [0x0000000080000000, 0x0000000100000000)
  region size 1024K, 164 young (167936K), 12 survivors (12288K)
 Metaspace       used 145571K, committed 147712K, reserved 1179648K
  class space    used 19866K, committed 20928K, reserved 1048576K
}
Event: 124.633 GC heap after
{Heap after GC invocations=77 (full 0):
 garbage-first heap   total 380928K, used 189366K [0x0000000080000000, 0x0000000100000000)
  region size 1024K, 12 young (12288K), 12 survivors (12288K)
 Metaspace       used 145571K, committed 147712K, reserved 1179648K
  class space    used 19866K, committed 20928K, reserved 1048576K
}
Event: 132.463 GC heap before
{Heap before GC invocations=77 (full 0):
 garbage-first heap   total 380928K, used 348086K [0x0000000080000000, 0x0000000100000000)
  region size 1024K, 167 young (171008K), 12 survivors (12288K)
 Metaspace       used 152186K, committed 154368K, reserved 1245184K
  class space    used 20631K, committed 21696K, reserved 1048576K
}
Event: 132.502 GC heap after
{Heap after GC invocations=78 (full 0):
 garbage-first heap   total 380928K, used 200397K [0x0000000080000000, 0x0000000100000000)
  region size 1024K, 21 young (21504K), 21 survivors (21504K)
 Metaspace       used 152186K, committed 154368K, reserved 1245184K
  class space    used 20631K, committed 21696K, reserved 1048576K
}
Event: 3286.788 GC heap before
{Heap before GC invocations=79 (full 0):
 garbage-first heap   total 380928K, used 337613K [0x0000000080000000, 0x0000000100000000)
  region size 1024K, 156 young (159744K), 21 survivors (21504K)
 Metaspace       used 157506K, committed 159808K, reserved 1245184K
  class space    used 21095K, committed 22272K, reserved 1048576K
}
Event: 3287.605 GC heap after
{Heap after GC invocations=80 (full 0):
 garbage-first heap   total 380928K, used 204038K [0x0000000080000000, 0x0000000100000000)
  region size 1024K, 5 young (5120K), 5 survivors (5120K)
 Metaspace       used 157506K, committed 159808K, reserved 1245184K
  class space    used 21095K, committed 22272K, reserved 1048576K
}
Event: 3318.183 GC heap before
{Heap before GC invocations=80 (full 0):
 garbage-first heap   total 380928K, used 353542K [0x0000000080000000, 0x0000000100000000)
  region size 1024K, 152 young (155648K), 5 survivors (5120K)
 Metaspace       used 160181K, committed 162496K, reserved 1245184K
  class space    used 21418K, committed 22592K, reserved 1048576K
}
Event: 3319.114 GC heap after
{Heap after GC invocations=81 (full 0):
 garbage-first heap   total 380928K, used 220896K [0x0000000080000000, 0x0000000100000000)
  region size 1024K, 19 young (19456K), 19 survivors (19456K)
 Metaspace       used 160181K, committed 162496K, reserved 1245184K
  class space    used 21418K, committed 22592K, reserved 1048576K
}
Event: 3319.280 GC heap before
{Heap before GC invocations=81 (full 0):
 garbage-first heap   total 380928K, used 221920K [0x0000000080000000, 0x0000000100000000)
  region size 1024K, 20 young (20480K), 19 survivors (19456K)
 Metaspace       used 160182K, committed 162496K, reserved 1245184K
  class space    used 21418K, committed 22592K, reserved 1048576K
}
Event: 3319.374 GC heap after
{Heap after GC invocations=82 (full 0):
 garbage-first heap   total 380928K, used 224425K [0x0000000080000000, 0x0000000100000000)
  region size 1024K, 3 young (3072K), 3 survivors (3072K)
 Metaspace       used 160182K, committed 162496K, reserved 1245184K
  class space    used 21418K, committed 22592K, reserved 1048576K
}
Event: 3343.919 GC heap before
{Heap before GC invocations=83 (full 0):
 garbage-first heap   total 380928K, used 284841K [0x0000000080000000, 0x0000000100000000)
  region size 1024K, 63 young (64512K), 3 survivors (3072K)
 Metaspace       used 158771K, committed 162688K, reserved 1245184K
  class space    used 20950K, committed 22592K, reserved 1048576K
}
Event: 3344.448 GC heap after
{Heap after GC invocations=84 (full 0):
 garbage-first heap   total 380928K, used 228737K [0x0000000080000000, 0x0000000100000000)
  region size 1024K, 7 young (7168K), 7 survivors (7168K)
 Metaspace       used 158771K, committed 162688K, reserved 1245184K
  class space    used 20950K, committed 22592K, reserved 1048576K
}
Event: 3345.334 GC heap before
{Heap before GC invocations=84 (full 0):
 garbage-first heap   total 380928K, used 240001K [0x0000000080000000, 0x0000000100000000)
  region size 1024K, 18 young (18432K), 7 survivors (7168K)
 Metaspace       used 158808K, committed 162688K, reserved 1245184K
  class space    used 20953K, committed 22592K, reserved 1048576K
}
Event: 3345.444 GC heap after
{Heap after GC invocations=85 (full 0):
 garbage-first heap   total 380928K, used 228352K [0x0000000080000000, 0x0000000100000000)
  region size 1024K, 1 young (1024K), 1 survivors (1024K)
 Metaspace       used 158808K, committed 162688K, reserved 1245184K
  class space    used 20953K, committed 22592K, reserved 1048576K
}

